<?xml version="1.0" encoding="UTF-8"?>
<!-- Generated by org.testng.reporters.JUnitXMLReporter -->
<testsuite ignored="1" hostname="DESKTOP-71ML6DJ" failures="0" tests="1" name="Test" time="7.08" errors="0" timestamp="2021-12-27T12:21:33 IST">
  <testcase classname="com.crm.autodesk.orgtest.CreateOrganizationWith_TypeTest" name="createOrganizationWith_TypeTest1" time="0.005"/>
  <testcase classname="com.crm.autodesk.orgtest.CreateOrganizationWith_TypeTest" name="createOrganizationWith_TypeTest" time="0.0">
    <ignored/>
  </testcase> <!-- createOrganizationWith_TypeTest -->
</testsuite> <!-- Test -->
