<?xml version="1.0" encoding="UTF-8"?>
<!-- Generated by org.testng.reporters.JUnitXMLReporter -->
<testsuite ignored="2" hostname="DESKTOP-71ML6DJ" failures="0" tests="2" name="TestRunner-2" time="39.224" errors="0" timestamp="2021-12-27T12:19:32 IST">
  <testcase classname="com.crm.autodesk.contacttest.CreateContactAndLinkNewOrganizationTest" name="createContactAndLinkNewOrganizationTest" time="18.728"/>
  <testcase classname="com.crm.autodesk.contacttest.CreateContactTest" name="createContactTest" time="7.325"/>
  <testcase classname="com.crm.autodesk.genericutility.BaseClass" name="@AfterSuite closeDBConnection" time="0.0">
    <ignored/>
  </testcase> <!-- @AfterSuite closeDBConnection -->
  <testcase classname="com.crm.autodesk.genericutility.BaseClass" name="@BeforeSuite dbConnection" time="0.0">
    <ignored/>
  </testcase> <!-- @BeforeSuite dbConnection -->
</testsuite> <!-- TestRunner-2 -->
