<?xml version="1.0" encoding="UTF-8"?>
<!-- Generated by org.testng.reporters.JUnitXMLReporter -->
<testsuite ignored="2" hostname="DESKTOP-71ML6DJ" failures="0" tests="2" name="TestRunner-Chrome" time="32.786" errors="0" timestamp="2021-12-27T12:29:20 IST">
  <testcase classname="com.crm.autodesk.orgtest.CreateOrganizationTest" name="createOrganizationTest" time="10.096"/>
  <testcase classname="com.crm.autodesk.contacttest.CreateContactTest" name="createContactTest" time="9.709"/>
  <testcase classname="com.crm.autodesk.genericutility.BaseClass" name="@AfterSuite closeDBConnection" time="0.0">
    <ignored/>
  </testcase> <!-- @AfterSuite closeDBConnection -->
  <testcase classname="com.crm.autodesk.genericutility.BaseClass" name="@BeforeSuite dbConnection" time="0.0">
    <ignored/>
  </testcase> <!-- @BeforeSuite dbConnection -->
</testsuite> <!-- TestRunner-Chrome -->
